<?xml version="1.0" encoding="UTF-8"?>
<testsuite name="rspec" tests="20" skipped="0" failures="0" errors="0" time="0.023090" timestamp="2021-02-26T21:09:18-03:00" hostname="DESKTOP-I4NLRHO">
<properties>
<property name="seed" value="53347"/>
</properties>
<testcase classname="spec.banco.conta_corrente_spec" name="ContaCorrente Saque quando o valor é positivo então atualiza saldo" file="./spec/banco/conta_corrente_spec.rb" time="0.001295"></testcase>
<testcase classname="spec.banco.conta_corrente_spec" name="ContaCorrente Saque quando o saldo é zero então vejo mensagem" file="./spec/banco/conta_corrente_spec.rb" time="0.000065"></testcase>
<testcase classname="spec.banco.conta_corrente_spec" name="ContaCorrente Saque quando o saldo é zero e o saldo final com zeros" file="./spec/banco/conta_corrente_spec.rb" time="0.000053"></testcase>
<testcase classname="spec.banco.conta_corrente_spec" name="ContaCorrente Saque quando o saldo é insuficiente então vejo mensagem" file="./spec/banco/conta_corrente_spec.rb" time="0.000053"></testcase>
<testcase classname="spec.banco.conta_corrente_spec" name="ContaCorrente Saque quando o saldo é insuficiente e o saldo permanece" file="./spec/banco/conta_corrente_spec.rb" time="0.000054"></testcase>
<testcase classname="spec.banco.conta_corrente_spec" name="ContaCorrente Saque quando excede o limite de saque então exibe mensagem" file="./spec/banco/conta_corrente_spec.rb" time="0.000052"></testcase>
<testcase classname="spec.banco.conta_corrente_spec" name="ContaCorrente Saque quando excede o limite de saque e o saldo permanece" file="./spec/banco/conta_corrente_spec.rb" time="0.000053"></testcase>
<testcase classname="spec.banco.conta_poupanca_spec" name="ContaPoupanca Saque quando o valor é positivo então atualiza saldo" file="./spec/banco/conta_poupanca_spec.rb" time="0.000052"></testcase>
<testcase classname="spec.banco.conta_poupanca_spec" name="ContaPoupanca Saque quando o saldo é zero então vejo mensagem" file="./spec/banco/conta_poupanca_spec.rb" time="0.000052"></testcase>
<testcase classname="spec.banco.conta_poupanca_spec" name="ContaPoupanca Saque quando o saldo é zero e o saldo final com zeros" file="./spec/banco/conta_poupanca_spec.rb" time="0.000053"></testcase>
<testcase classname="spec.banco.conta_poupanca_spec" name="ContaPoupanca Saque quando o saldo é insuficiente então vejo mensagem" file="./spec/banco/conta_poupanca_spec.rb" time="0.000052"></testcase>
<testcase classname="spec.banco.conta_poupanca_spec" name="ContaPoupanca Saque quando o saldo é insuficiente e o saldo permanece" file="./spec/banco/conta_poupanca_spec.rb" time="0.000053"></testcase>
<testcase classname="spec.banco.conta_poupanca_spec" name="ContaPoupanca Saque quando excede o limite de saque então exibe mensagem" file="./spec/banco/conta_poupanca_spec.rb" time="0.000051"></testcase>
<testcase classname="spec.banco.conta_poupanca_spec" name="ContaPoupanca Saque quando excede o limite de saque e o saldo permanece" file="./spec/banco/conta_poupanca_spec.rb" time="0.000046"></testcase>
<testcase classname="spec.exemplos_spec" name="suite rspec soma de valores" file="./spec/exemplos_spec.rb" time="0.000044"></testcase>
<testcase classname="spec.vingadores_spec" name="Vingadores deve adicionar um vingador" file="./spec/vingadores_spec.rb" time="0.001713"></testcase>
<testcase classname="spec.vingadores_spec" name="Vingadores deve adicionar uma lista de vingadores" file="./spec/vingadores_spec.rb" time="0.001942"></testcase>
<testcase classname="spec.vingadores_spec" name="Vingadores Thor deve ser o primeiro da lista" file="./spec/vingadores_spec.rb" time="0.002679"></testcase>
<testcase classname="spec.vingadores_spec" name="Vingadores Homem de Ferro deve ser o último da lista" file="./spec/vingadores_spec.rb" time="0.000094"></testcase>
<testcase classname="spec.vingadores_spec" name="Vingadores deve conter o sobrenome" file="./spec/vingadores_spec.rb" time="0.001515"></testcase>
</testsuite>
